[ 00:22:20 SpringApplicationShutdownHook ] INFO  com.zaxxer.hikari.HikariDataSource - HikariPool-1 - Shutdown initiated...
[ 00:22:20 SpringApplicationShutdownHook ] INFO  com.zaxxer.hikari.HikariDataSource - HikariPool-1 - Shutdown completed.
[ 00:22:23 main ] INFO  cn.lettle.MarketTool.MarketToolApplication - Starting MarketToolApplication using Java 17.0.14 with PID 27716 (D:\work\gitfile\github\MarketTool\target\classes started by 10714 in D:\work\gitfile\github\MarketTool)
[ 00:22:23 main ] INFO  cn.lettle.MarketTool.MarketToolApplication - No active profile set, falling back to 1 default profile: "default"
[ 00:22:24 main ] INFO  org.apache.coyote.http11.Http11NioProtocol - Initializing ProtocolHandler ["http-nio-8080"]
[ 00:22:24 main ] INFO  org.apache.catalina.core.StandardService - Starting service [Tomcat]
[ 00:22:24 main ] INFO  org.apache.catalina.core.StandardEngine - Starting Servlet engine: [Apache Tomcat/10.1.34]
[ 00:22:24 main ] INFO  org.apache.catalina.core.ContainerBase.[Tomcat].[localhost].[/] - Initializing Spring embedded WebApplicationContext
[ 00:22:24 main ] INFO  org.apache.coyote.http11.Http11NioProtocol - Starting ProtocolHandler ["http-nio-8080"]
[ 00:22:24 main ] INFO  cn.lettle.MarketTool.MarketToolApplication - Started MarketToolApplication in 1.731 seconds (process running for 2.521)
[ 00:22:27 http-nio-8080-exec-1 ] INFO  org.apache.catalina.core.ContainerBase.[Tomcat].[localhost].[/] - Initializing Spring DispatcherServlet 'dispatcherServlet'
[ 00:22:28 http-nio-8080-exec-1 ] INFO  com.zaxxer.hikari.HikariDataSource - HikariPool-1 - Starting...
[ 00:22:28 http-nio-8080-exec-1 ] INFO  com.zaxxer.hikari.pool.HikariPool - HikariPool-1 - Added connection com.mysql.cj.jdbc.ConnectionImpl@7c40cc17
[ 00:22:28 http-nio-8080-exec-1 ] INFO  com.zaxxer.hikari.HikariDataSource - HikariPool-1 - Start completed.
[ 01:09:20 SpringApplicationShutdownHook ] INFO  com.zaxxer.hikari.HikariDataSource - HikariPool-1 - Shutdown initiated...
[ 01:09:20 SpringApplicationShutdownHook ] INFO  com.zaxxer.hikari.HikariDataSource - HikariPool-1 - Shutdown completed.
[ 12:27:35 main ] INFO  cn.lettle.MarketTool.MarketToolApplication - Starting MarketToolApplication using Java 17.0.14 with PID 16048 (D:\work\gitfile\github\MarketTool\target\classes started by 10714 in D:\work\gitfile\github\MarketTool)
[ 12:27:35 main ] INFO  cn.lettle.MarketTool.MarketToolApplication - No active profile set, falling back to 1 default profile: "default"
[ 12:27:36 main ] INFO  org.apache.coyote.http11.Http11NioProtocol - Initializing ProtocolHandler ["http-nio-8080"]
[ 12:27:36 main ] INFO  org.apache.catalina.core.StandardService - Starting service [Tomcat]
[ 12:27:36 main ] INFO  org.apache.catalina.core.StandardEngine - Starting Servlet engine: [Apache Tomcat/10.1.34]
[ 12:27:36 main ] INFO  org.apache.catalina.core.ContainerBase.[Tomcat].[localhost].[/] - Initializing Spring embedded WebApplicationContext
[ 12:27:37 main ] INFO  org.apache.coyote.http11.Http11NioProtocol - Starting ProtocolHandler ["http-nio-8080"]
[ 12:27:37 main ] INFO  cn.lettle.MarketTool.MarketToolApplication - Started MarketToolApplication in 1.899 seconds (process running for 2.746)
[ 12:34:29 http-nio-8080-exec-1 ] INFO  org.apache.catalina.core.ContainerBase.[Tomcat].[localhost].[/] - Initializing Spring DispatcherServlet 'dispatcherServlet'
[ 12:34:29 http-nio-8080-exec-1 ] ERROR org.apache.catalina.core.ContainerBase.[Tomcat].[localhost].[/].[dispatcherServlet] - Servlet.service() for servlet [dispatcherServlet] in context with path [] threw exception [Request processing failed: java.lang.NullPointerException: Cannot invoke "java.util.Map.get(Object)" because "this.itemsMap" is null] with root cause
java.lang.NullPointerException: Cannot invoke "java.util.Map.get(Object)" because "this.itemsMap" is null
	at cn.lettle.MarketTool.controller.ApiItemController.setItem(ApiItemController.java:59) ~[classes/:?]
	at java.base/jdk.internal.reflect.NativeMethodAccessorImpl.invoke0(Native Method) ~[?:?]
	at java.base/jdk.internal.reflect.NativeMethodAccessorImpl.invoke(NativeMethodAccessorImpl.java:77) ~[?:?]
	at java.base/jdk.internal.reflect.DelegatingMethodAccessorImpl.invoke(DelegatingMethodAccessorImpl.java:43) ~[?:?]
	at java.base/java.lang.reflect.Method.invoke(Method.java:568) ~[?:?]
	at org.springframework.web.method.support.InvocableHandlerMethod.doInvoke(InvocableHandlerMethod.java:257) ~[spring-web-6.2.1.jar:6.2.1]
	at org.springframework.web.method.support.InvocableHandlerMethod.invokeForRequest(InvocableHandlerMethod.java:190) ~[spring-web-6.2.1.jar:6.2.1]
	at org.springframework.web.servlet.mvc.method.annotation.ServletInvocableHandlerMethod.invokeAndHandle(ServletInvocableHandlerMethod.java:118) ~[spring-webmvc-6.2.1.jar:6.2.1]
	at org.springframework.web.servlet.mvc.method.annotation.RequestMappingHandlerAdapter.invokeHandlerMethod(RequestMappingHandlerAdapter.java:986) ~[spring-webmvc-6.2.1.jar:6.2.1]
	at org.springframework.web.servlet.mvc.method.annotation.RequestMappingHandlerAdapter.handleInternal(RequestMappingHandlerAdapter.java:891) ~[spring-webmvc-6.2.1.jar:6.2.1]
	at org.springframework.web.servlet.mvc.method.AbstractHandlerMethodAdapter.handle(AbstractHandlerMethodAdapter.java:87) ~[spring-webmvc-6.2.1.jar:6.2.1]
	at org.springframework.web.servlet.DispatcherServlet.doDispatch(DispatcherServlet.java:1088) ~[spring-webmvc-6.2.1.jar:6.2.1]
	at org.springframework.web.servlet.DispatcherServlet.doService(DispatcherServlet.java:978) ~[spring-webmvc-6.2.1.jar:6.2.1]
	at org.springframework.web.servlet.FrameworkServlet.processRequest(FrameworkServlet.java:1014) ~[spring-webmvc-6.2.1.jar:6.2.1]
	at org.springframework.web.servlet.FrameworkServlet.doPost(FrameworkServlet.java:914) ~[spring-webmvc-6.2.1.jar:6.2.1]
	at jakarta.servlet.http.HttpServlet.service(HttpServlet.java:590) ~[tomcat-embed-core-10.1.34.jar:6.0]
	at org.springframework.web.servlet.FrameworkServlet.service(FrameworkServlet.java:885) ~[spring-webmvc-6.2.1.jar:6.2.1]
	at jakarta.servlet.http.HttpServlet.service(HttpServlet.java:658) ~[tomcat-embed-core-10.1.34.jar:6.0]
	at org.apache.catalina.core.ApplicationFilterChain.internalDoFilter(ApplicationFilterChain.java:195) ~[tomcat-embed-core-10.1.34.jar:10.1.34]
	at org.apache.catalina.core.ApplicationFilterChain.doFilter(ApplicationFilterChain.java:140) ~[tomcat-embed-core-10.1.34.jar:10.1.34]
	at org.apache.tomcat.websocket.server.WsFilter.doFilter(WsFilter.java:51) ~[tomcat-embed-websocket-10.1.34.jar:10.1.34]
	at org.apache.catalina.core.ApplicationFilterChain.internalDoFilter(ApplicationFilterChain.java:164) ~[tomcat-embed-core-10.1.34.jar:10.1.34]
	at org.apache.catalina.core.ApplicationFilterChain.doFilter(ApplicationFilterChain.java:140) ~[tomcat-embed-core-10.1.34.jar:10.1.34]
	at org.springframework.web.filter.RequestContextFilter.doFilterInternal(RequestContextFilter.java:100) ~[spring-web-6.2.1.jar:6.2.1]
	at org.springframework.web.filter.OncePerRequestFilter.doFilter(OncePerRequestFilter.java:116) ~[spring-web-6.2.1.jar:6.2.1]
	at org.apache.catalina.core.ApplicationFilterChain.internalDoFilter(ApplicationFilterChain.java:164) ~[tomcat-embed-core-10.1.34.jar:10.1.34]
	at org.apache.catalina.core.ApplicationFilterChain.doFilter(ApplicationFilterChain.java:140) ~[tomcat-embed-core-10.1.34.jar:10.1.34]
	at org.springframework.web.filter.FormContentFilter.doFilterInternal(FormContentFilter.java:93) ~[spring-web-6.2.1.jar:6.2.1]
	at org.springframework.web.filter.OncePerRequestFilter.doFilter(OncePerRequestFilter.java:116) ~[spring-web-6.2.1.jar:6.2.1]
	at org.apache.catalina.core.ApplicationFilterChain.internalDoFilter(ApplicationFilterChain.java:164) ~[tomcat-embed-core-10.1.34.jar:10.1.34]
	at org.apache.catalina.core.ApplicationFilterChain.doFilter(ApplicationFilterChain.java:140) ~[tomcat-embed-core-10.1.34.jar:10.1.34]
	at org.springframework.web.filter.CharacterEncodingFilter.doFilterInternal(CharacterEncodingFilter.java:201) ~[spring-web-6.2.1.jar:6.2.1]
	at org.springframework.web.filter.OncePerRequestFilter.doFilter(OncePerRequestFilter.java:116) ~[spring-web-6.2.1.jar:6.2.1]
	at org.apache.catalina.core.ApplicationFilterChain.internalDoFilter(ApplicationFilterChain.java:164) ~[tomcat-embed-core-10.1.34.jar:10.1.34]
	at org.apache.catalina.core.ApplicationFilterChain.doFilter(ApplicationFilterChain.java:140) ~[tomcat-embed-core-10.1.34.jar:10.1.34]
	at org.apache.catalina.core.StandardWrapperValve.invoke(StandardWrapperValve.java:167) [tomcat-embed-core-10.1.34.jar:10.1.34]
	at org.apache.catalina.core.StandardContextValve.invoke(StandardContextValve.java:90) [tomcat-embed-core-10.1.34.jar:10.1.34]
	at org.apache.catalina.authenticator.AuthenticatorBase.invoke(AuthenticatorBase.java:483) [tomcat-embed-core-10.1.34.jar:10.1.34]
	at org.apache.catalina.core.StandardHostValve.invoke(StandardHostValve.java:115) [tomcat-embed-core-10.1.34.jar:10.1.34]
	at org.apache.catalina.valves.ErrorReportValve.invoke(ErrorReportValve.java:93) [tomcat-embed-core-10.1.34.jar:10.1.34]
	at org.apache.catalina.core.StandardEngineValve.invoke(StandardEngineValve.java:74) [tomcat-embed-core-10.1.34.jar:10.1.34]
	at org.apache.catalina.connector.CoyoteAdapter.service(CoyoteAdapter.java:344) [tomcat-embed-core-10.1.34.jar:10.1.34]
	at org.apache.coyote.http11.Http11Processor.service(Http11Processor.java:397) [tomcat-embed-core-10.1.34.jar:10.1.34]
	at org.apache.coyote.AbstractProcessorLight.process(AbstractProcessorLight.java:63) [tomcat-embed-core-10.1.34.jar:10.1.34]
	at org.apache.coyote.AbstractProtocol$ConnectionHandler.process(AbstractProtocol.java:905) [tomcat-embed-core-10.1.34.jar:10.1.34]
	at org.apache.tomcat.util.net.NioEndpoint$SocketProcessor.doRun(NioEndpoint.java:1741) [tomcat-embed-core-10.1.34.jar:10.1.34]
	at org.apache.tomcat.util.net.SocketProcessorBase.run(SocketProcessorBase.java:52) [tomcat-embed-core-10.1.34.jar:10.1.34]
	at org.apache.tomcat.util.threads.ThreadPoolExecutor.runWorker(ThreadPoolExecutor.java:1190) [tomcat-embed-core-10.1.34.jar:10.1.34]
	at org.apache.tomcat.util.threads.ThreadPoolExecutor$Worker.run(ThreadPoolExecutor.java:659) [tomcat-embed-core-10.1.34.jar:10.1.34]
	at org.apache.tomcat.util.threads.TaskThread$WrappingRunnable.run(TaskThread.java:63) [tomcat-embed-core-10.1.34.jar:10.1.34]
	at java.base/java.lang.Thread.run(Thread.java:842) [?:?]
[ 12:34:56 http-nio-8080-exec-2 ] INFO  com.zaxxer.hikari.HikariDataSource - HikariPool-1 - Starting...
[ 12:34:56 http-nio-8080-exec-2 ] INFO  com.zaxxer.hikari.pool.HikariPool - HikariPool-1 - Added connection com.mysql.cj.jdbc.ConnectionImpl@3ff50dbe
[ 12:34:56 http-nio-8080-exec-2 ] INFO  com.zaxxer.hikari.HikariDataSource - HikariPool-1 - Start completed.
[ 12:35:00 SpringApplicationShutdownHook ] INFO  com.zaxxer.hikari.HikariDataSource - HikariPool-1 - Shutdown initiated...
[ 12:35:00 SpringApplicationShutdownHook ] INFO  com.zaxxer.hikari.HikariDataSource - HikariPool-1 - Shutdown completed.
[ 12:35:02 main ] INFO  cn.lettle.MarketTool.MarketToolApplication - Starting MarketToolApplication using Java 17.0.14 with PID 27372 (D:\work\gitfile\github\MarketTool\target\classes started by 10714 in D:\work\gitfile\github\MarketTool)
[ 12:35:02 main ] INFO  cn.lettle.MarketTool.MarketToolApplication - No active profile set, falling back to 1 default profile: "default"
[ 12:35:03 main ] INFO  org.apache.coyote.http11.Http11NioProtocol - Initializing ProtocolHandler ["http-nio-8080"]
[ 12:35:03 main ] INFO  org.apache.catalina.core.StandardService - Starting service [Tomcat]
[ 12:35:03 main ] INFO  org.apache.catalina.core.StandardEngine - Starting Servlet engine: [Apache Tomcat/10.1.34]
[ 12:35:03 main ] INFO  org.apache.catalina.core.ContainerBase.[Tomcat].[localhost].[/] - Initializing Spring embedded WebApplicationContext
[ 12:35:03 main ] INFO  org.apache.coyote.http11.Http11NioProtocol - Starting ProtocolHandler ["http-nio-8080"]
[ 12:35:03 main ] INFO  cn.lettle.MarketTool.MarketToolApplication - Started MarketToolApplication in 1.652 seconds (process running for 2.518)
[ 12:35:07 http-nio-8080-exec-1 ] INFO  org.apache.catalina.core.ContainerBase.[Tomcat].[localhost].[/] - Initializing Spring DispatcherServlet 'dispatcherServlet'
[ 12:35:07 http-nio-8080-exec-1 ] INFO  com.zaxxer.hikari.HikariDataSource - HikariPool-1 - Starting...
[ 12:35:07 http-nio-8080-exec-1 ] INFO  com.zaxxer.hikari.pool.HikariPool - HikariPool-1 - Added connection com.mysql.cj.jdbc.ConnectionImpl@5a4b43df
[ 12:35:07 http-nio-8080-exec-1 ] INFO  com.zaxxer.hikari.HikariDataSource - HikariPool-1 - Start completed.
[ 13:51:36 SpringApplicationShutdownHook ] INFO  com.zaxxer.hikari.HikariDataSource - HikariPool-1 - Shutdown initiated...
[ 13:51:36 SpringApplicationShutdownHook ] INFO  com.zaxxer.hikari.HikariDataSource - HikariPool-1 - Shutdown completed.
[ 13:51:40 main ] INFO  cn.lettle.MarketTool.MarketToolApplication - Starting MarketToolApplication using Java 17.0.14 with PID 15152 (D:\work\gitfile\github\MarketTool\target\classes started by 10714 in D:\work\gitfile\github\MarketTool)
[ 13:51:40 main ] INFO  cn.lettle.MarketTool.MarketToolApplication - No active profile set, falling back to 1 default profile: "default"
[ 13:51:41 main ] INFO  org.apache.coyote.http11.Http11NioProtocol - Initializing ProtocolHandler ["http-nio-8080"]
[ 13:51:41 main ] INFO  org.apache.catalina.core.StandardService - Starting service [Tomcat]
[ 13:51:41 main ] INFO  org.apache.catalina.core.StandardEngine - Starting Servlet engine: [Apache Tomcat/10.1.34]
[ 13:51:41 main ] INFO  org.apache.catalina.core.ContainerBase.[Tomcat].[localhost].[/] - Initializing Spring embedded WebApplicationContext
[ 13:51:41 main ] INFO  org.apache.coyote.http11.Http11NioProtocol - Starting ProtocolHandler ["http-nio-8080"]
[ 13:51:41 main ] INFO  cn.lettle.MarketTool.MarketToolApplication - Started MarketToolApplication in 1.743 seconds (process running for 2.483)
[ 13:51:44 http-nio-8080-exec-1 ] INFO  org.apache.catalina.core.ContainerBase.[Tomcat].[localhost].[/] - Initializing Spring DispatcherServlet 'dispatcherServlet'
[ 13:51:45 http-nio-8080-exec-1 ] INFO  com.zaxxer.hikari.HikariDataSource - HikariPool-1 - Starting...
[ 13:51:45 http-nio-8080-exec-1 ] INFO  com.zaxxer.hikari.pool.HikariPool - HikariPool-1 - Added connection com.mysql.cj.jdbc.ConnectionImpl@63e2e6d2
[ 13:51:45 http-nio-8080-exec-1 ] INFO  com.zaxxer.hikari.HikariDataSource - HikariPool-1 - Start completed.
[ 13:52:30 SpringApplicationShutdownHook ] INFO  com.zaxxer.hikari.HikariDataSource - HikariPool-1 - Shutdown initiated...
[ 13:52:30 SpringApplicationShutdownHook ] INFO  com.zaxxer.hikari.HikariDataSource - HikariPool-1 - Shutdown completed.
[ 13:52:33 main ] INFO  cn.lettle.MarketTool.MarketToolApplication - Starting MarketToolApplication using Java 17.0.14 with PID 1908 (D:\work\gitfile\github\MarketTool\target\classes started by 10714 in D:\work\gitfile\github\MarketTool)
[ 13:52:33 main ] INFO  cn.lettle.MarketTool.MarketToolApplication - No active profile set, falling back to 1 default profile: "default"
[ 13:52:34 main ] INFO  org.apache.coyote.http11.Http11NioProtocol - Initializing ProtocolHandler ["http-nio-8080"]
[ 13:52:34 main ] INFO  org.apache.catalina.core.StandardService - Starting service [Tomcat]
[ 13:52:34 main ] INFO  org.apache.catalina.core.StandardEngine - Starting Servlet engine: [Apache Tomcat/10.1.34]
[ 13:52:34 main ] INFO  org.apache.catalina.core.ContainerBase.[Tomcat].[localhost].[/] - Initializing Spring embedded WebApplicationContext
[ 13:52:35 main ] INFO  org.apache.coyote.http11.Http11NioProtocol - Starting ProtocolHandler ["http-nio-8080"]
[ 13:52:35 main ] INFO  cn.lettle.MarketTool.MarketToolApplication - Started MarketToolApplication in 1.666 seconds (process running for 2.396)
[ 13:52:38 http-nio-8080-exec-1 ] INFO  org.apache.catalina.core.ContainerBase.[Tomcat].[localhost].[/] - Initializing Spring DispatcherServlet 'dispatcherServlet'
[ 13:52:38 http-nio-8080-exec-1 ] INFO  com.zaxxer.hikari.HikariDataSource - HikariPool-1 - Starting...
[ 13:52:39 http-nio-8080-exec-1 ] INFO  com.zaxxer.hikari.pool.HikariPool - HikariPool-1 - Added connection com.mysql.cj.jdbc.ConnectionImpl@2b4fe370
[ 13:52:39 http-nio-8080-exec-1 ] INFO  com.zaxxer.hikari.HikariDataSource - HikariPool-1 - Start completed.
[ 13:52:51 http-nio-8080-exec-2 ] INFO  cn.lettle.MarketTool.controller.ApiItemController - 数据被刷新一次
[ 13:59:13 http-nio-8080-exec-6 ] INFO  cn.lettle.MarketTool.controller.ApiItemController - 数据被刷新一次
[ 13:59:50 http-nio-8080-exec-8 ] INFO  cn.lettle.MarketTool.controller.ApiItemController - 数据被刷新一次
[ 14:00:10 http-nio-8080-exec-10 ] INFO  cn.lettle.MarketTool.controller.ApiItemController - 数据被刷新一次
[ 14:03:08 http-nio-8080-exec-4 ] INFO  cn.lettle.MarketTool.controller.ApiItemController - 数据被刷新一次
[ 14:03:59 SpringApplicationShutdownHook ] INFO  com.zaxxer.hikari.HikariDataSource - HikariPool-1 - Shutdown initiated...
[ 14:03:59 SpringApplicationShutdownHook ] INFO  com.zaxxer.hikari.HikariDataSource - HikariPool-1 - Shutdown completed.
[ 14:04:02 main ] INFO  cn.lettle.MarketTool.MarketToolApplication - Starting MarketToolApplication using Java 17.0.14 with PID 15884 (D:\work\gitfile\github\MarketTool\target\classes started by 10714 in D:\work\gitfile\github\MarketTool)
[ 14:04:02 main ] INFO  cn.lettle.MarketTool.MarketToolApplication - No active profile set, falling back to 1 default profile: "default"
[ 14:04:03 main ] INFO  org.apache.coyote.http11.Http11NioProtocol - Initializing ProtocolHandler ["http-nio-8080"]
[ 14:04:03 main ] INFO  org.apache.catalina.core.StandardService - Starting service [Tomcat]
[ 14:04:03 main ] INFO  org.apache.catalina.core.StandardEngine - Starting Servlet engine: [Apache Tomcat/10.1.34]
[ 14:04:03 main ] INFO  org.apache.catalina.core.ContainerBase.[Tomcat].[localhost].[/] - Initializing Spring embedded WebApplicationContext
[ 14:04:03 main ] INFO  org.apache.coyote.http11.Http11NioProtocol - Starting ProtocolHandler ["http-nio-8080"]
[ 14:04:03 main ] INFO  cn.lettle.MarketTool.MarketToolApplication - Started MarketToolApplication in 1.53 seconds (process running for 2.096)
[ 14:04:08 http-nio-8080-exec-1 ] INFO  org.apache.catalina.core.ContainerBase.[Tomcat].[localhost].[/] - Initializing Spring DispatcherServlet 'dispatcherServlet'
[ 14:04:08 http-nio-8080-exec-1 ] INFO  cn.lettle.MarketTool.controller.ApiItemController - 触发Supersave
[ 14:04:08 http-nio-8080-exec-1 ] ERROR org.apache.catalina.core.ContainerBase.[Tomcat].[localhost].[/].[dispatcherServlet] - Servlet.service() for servlet [dispatcherServlet] in context with path [] threw exception [Request processing failed: java.lang.NullPointerException: Cannot invoke "java.util.List.iterator()" because "this.itemsList" is null] with root cause
java.lang.NullPointerException: Cannot invoke "java.util.List.iterator()" because "this.itemsList" is null
	at cn.lettle.MarketTool.controller.ApiItemController.supersave(ApiItemController.java:90) ~[classes/:?]
	at java.base/jdk.internal.reflect.NativeMethodAccessorImpl.invoke0(Native Method) ~[?:?]
	at java.base/jdk.internal.reflect.NativeMethodAccessorImpl.invoke(NativeMethodAccessorImpl.java:77) ~[?:?]
	at java.base/jdk.internal.reflect.DelegatingMethodAccessorImpl.invoke(DelegatingMethodAccessorImpl.java:43) ~[?:?]
	at java.base/java.lang.reflect.Method.invoke(Method.java:568) ~[?:?]
	at org.springframework.web.method.support.InvocableHandlerMethod.doInvoke(InvocableHandlerMethod.java:257) ~[spring-web-6.2.1.jar:6.2.1]
	at org.springframework.web.method.support.InvocableHandlerMethod.invokeForRequest(InvocableHandlerMethod.java:190) ~[spring-web-6.2.1.jar:6.2.1]
	at org.springframework.web.servlet.mvc.method.annotation.ServletInvocableHandlerMethod.invokeAndHandle(ServletInvocableHandlerMethod.java:118) ~[spring-webmvc-6.2.1.jar:6.2.1]
	at org.springframework.web.servlet.mvc.method.annotation.RequestMappingHandlerAdapter.invokeHandlerMethod(RequestMappingHandlerAdapter.java:986) ~[spring-webmvc-6.2.1.jar:6.2.1]
	at org.springframework.web.servlet.mvc.method.annotation.RequestMappingHandlerAdapter.handleInternal(RequestMappingHandlerAdapter.java:891) ~[spring-webmvc-6.2.1.jar:6.2.1]
	at org.springframework.web.servlet.mvc.method.AbstractHandlerMethodAdapter.handle(AbstractHandlerMethodAdapter.java:87) ~[spring-webmvc-6.2.1.jar:6.2.1]
	at org.springframework.web.servlet.DispatcherServlet.doDispatch(DispatcherServlet.java:1088) ~[spring-webmvc-6.2.1.jar:6.2.1]
	at org.springframework.web.servlet.DispatcherServlet.doService(DispatcherServlet.java:978) ~[spring-webmvc-6.2.1.jar:6.2.1]
	at org.springframework.web.servlet.FrameworkServlet.processRequest(FrameworkServlet.java:1014) ~[spring-webmvc-6.2.1.jar:6.2.1]
	at org.springframework.web.servlet.FrameworkServlet.doPost(FrameworkServlet.java:914) ~[spring-webmvc-6.2.1.jar:6.2.1]
	at jakarta.servlet.http.HttpServlet.service(HttpServlet.java:590) ~[tomcat-embed-core-10.1.34.jar:6.0]
	at org.springframework.web.servlet.FrameworkServlet.service(FrameworkServlet.java:885) ~[spring-webmvc-6.2.1.jar:6.2.1]
	at jakarta.servlet.http.HttpServlet.service(HttpServlet.java:658) ~[tomcat-embed-core-10.1.34.jar:6.0]
	at org.apache.catalina.core.ApplicationFilterChain.internalDoFilter(ApplicationFilterChain.java:195) ~[tomcat-embed-core-10.1.34.jar:10.1.34]
	at org.apache.catalina.core.ApplicationFilterChain.doFilter(ApplicationFilterChain.java:140) ~[tomcat-embed-core-10.1.34.jar:10.1.34]
	at org.apache.tomcat.websocket.server.WsFilter.doFilter(WsFilter.java:51) ~[tomcat-embed-websocket-10.1.34.jar:10.1.34]
	at org.apache.catalina.core.ApplicationFilterChain.internalDoFilter(ApplicationFilterChain.java:164) ~[tomcat-embed-core-10.1.34.jar:10.1.34]
	at org.apache.catalina.core.ApplicationFilterChain.doFilter(ApplicationFilterChain.java:140) ~[tomcat-embed-core-10.1.34.jar:10.1.34]
	at org.springframework.web.filter.RequestContextFilter.doFilterInternal(RequestContextFilter.java:100) ~[spring-web-6.2.1.jar:6.2.1]
	at org.springframework.web.filter.OncePerRequestFilter.doFilter(OncePerRequestFilter.java:116) ~[spring-web-6.2.1.jar:6.2.1]
	at org.apache.catalina.core.ApplicationFilterChain.internalDoFilter(ApplicationFilterChain.java:164) ~[tomcat-embed-core-10.1.34.jar:10.1.34]
	at org.apache.catalina.core.ApplicationFilterChain.doFilter(ApplicationFilterChain.java:140) ~[tomcat-embed-core-10.1.34.jar:10.1.34]
	at org.springframework.web.filter.FormContentFilter.doFilterInternal(FormContentFilter.java:93) ~[spring-web-6.2.1.jar:6.2.1]
	at org.springframework.web.filter.OncePerRequestFilter.doFilter(OncePerRequestFilter.java:116) ~[spring-web-6.2.1.jar:6.2.1]
	at org.apache.catalina.core.ApplicationFilterChain.internalDoFilter(ApplicationFilterChain.java:164) ~[tomcat-embed-core-10.1.34.jar:10.1.34]
	at org.apache.catalina.core.ApplicationFilterChain.doFilter(ApplicationFilterChain.java:140) ~[tomcat-embed-core-10.1.34.jar:10.1.34]
	at org.springframework.web.filter.CharacterEncodingFilter.doFilterInternal(CharacterEncodingFilter.java:201) ~[spring-web-6.2.1.jar:6.2.1]
	at org.springframework.web.filter.OncePerRequestFilter.doFilter(OncePerRequestFilter.java:116) ~[spring-web-6.2.1.jar:6.2.1]
	at org.apache.catalina.core.ApplicationFilterChain.internalDoFilter(ApplicationFilterChain.java:164) ~[tomcat-embed-core-10.1.34.jar:10.1.34]
	at org.apache.catalina.core.ApplicationFilterChain.doFilter(ApplicationFilterChain.java:140) ~[tomcat-embed-core-10.1.34.jar:10.1.34]
	at org.apache.catalina.core.StandardWrapperValve.invoke(StandardWrapperValve.java:167) [tomcat-embed-core-10.1.34.jar:10.1.34]
	at org.apache.catalina.core.StandardContextValve.invoke(StandardContextValve.java:90) [tomcat-embed-core-10.1.34.jar:10.1.34]
	at org.apache.catalina.authenticator.AuthenticatorBase.invoke(AuthenticatorBase.java:483) [tomcat-embed-core-10.1.34.jar:10.1.34]
	at org.apache.catalina.core.StandardHostValve.invoke(StandardHostValve.java:115) [tomcat-embed-core-10.1.34.jar:10.1.34]
	at org.apache.catalina.valves.ErrorReportValve.invoke(ErrorReportValve.java:93) [tomcat-embed-core-10.1.34.jar:10.1.34]
	at org.apache.catalina.core.StandardEngineValve.invoke(StandardEngineValve.java:74) [tomcat-embed-core-10.1.34.jar:10.1.34]
	at org.apache.catalina.connector.CoyoteAdapter.service(CoyoteAdapter.java:344) [tomcat-embed-core-10.1.34.jar:10.1.34]
	at org.apache.coyote.http11.Http11Processor.service(Http11Processor.java:397) [tomcat-embed-core-10.1.34.jar:10.1.34]
	at org.apache.coyote.AbstractProcessorLight.process(AbstractProcessorLight.java:63) [tomcat-embed-core-10.1.34.jar:10.1.34]
	at org.apache.coyote.AbstractProtocol$ConnectionHandler.process(AbstractProtocol.java:905) [tomcat-embed-core-10.1.34.jar:10.1.34]
	at org.apache.tomcat.util.net.NioEndpoint$SocketProcessor.doRun(NioEndpoint.java:1741) [tomcat-embed-core-10.1.34.jar:10.1.34]
	at org.apache.tomcat.util.net.SocketProcessorBase.run(SocketProcessorBase.java:52) [tomcat-embed-core-10.1.34.jar:10.1.34]
	at org.apache.tomcat.util.threads.ThreadPoolExecutor.runWorker(ThreadPoolExecutor.java:1190) [tomcat-embed-core-10.1.34.jar:10.1.34]
	at org.apache.tomcat.util.threads.ThreadPoolExecutor$Worker.run(ThreadPoolExecutor.java:659) [tomcat-embed-core-10.1.34.jar:10.1.34]
	at org.apache.tomcat.util.threads.TaskThread$WrappingRunnable.run(TaskThread.java:63) [tomcat-embed-core-10.1.34.jar:10.1.34]
	at java.base/java.lang.Thread.run(Thread.java:842) [?:?]
[ 14:04:33 main ] INFO  cn.lettle.MarketTool.MarketToolApplication - Starting MarketToolApplication using Java 17.0.14 with PID 22272 (D:\work\gitfile\github\MarketTool\target\classes started by 10714 in D:\work\gitfile\github\MarketTool)
[ 14:04:33 main ] INFO  cn.lettle.MarketTool.MarketToolApplication - No active profile set, falling back to 1 default profile: "default"
[ 14:04:34 main ] INFO  org.apache.coyote.http11.Http11NioProtocol - Initializing ProtocolHandler ["http-nio-8080"]
[ 14:04:34 main ] INFO  org.apache.catalina.core.StandardService - Starting service [Tomcat]
[ 14:04:34 main ] INFO  org.apache.catalina.core.StandardEngine - Starting Servlet engine: [Apache Tomcat/10.1.34]
[ 14:04:34 main ] INFO  org.apache.catalina.core.ContainerBase.[Tomcat].[localhost].[/] - Initializing Spring embedded WebApplicationContext
[ 14:04:35 main ] INFO  org.apache.coyote.http11.Http11NioProtocol - Starting ProtocolHandler ["http-nio-8080"]
[ 14:04:35 main ] INFO  cn.lettle.MarketTool.MarketToolApplication - Started MarketToolApplication in 1.571 seconds (process running for 2.123)
[ 14:04:36 http-nio-8080-exec-1 ] INFO  org.apache.catalina.core.ContainerBase.[Tomcat].[localhost].[/] - Initializing Spring DispatcherServlet 'dispatcherServlet'
[ 14:04:36 http-nio-8080-exec-1 ] INFO  cn.lettle.MarketTool.controller.ApiItemController - 触发Supersave
[ 14:04:42 http-nio-8080-exec-2 ] INFO  com.zaxxer.hikari.HikariDataSource - HikariPool-1 - Starting...
[ 14:04:42 http-nio-8080-exec-2 ] INFO  com.zaxxer.hikari.pool.HikariPool - HikariPool-1 - Added connection com.mysql.cj.jdbc.ConnectionImpl@67f1374
[ 14:04:42 http-nio-8080-exec-2 ] INFO  com.zaxxer.hikari.HikariDataSource - HikariPool-1 - Start completed.
[ 14:04:49 http-nio-8080-exec-3 ] INFO  cn.lettle.MarketTool.controller.ApiItemController - 触发Supersave
[ 14:05:05 http-nio-8080-exec-4 ] INFO  cn.lettle.MarketTool.controller.ApiItemController - 数据被刷新一次
[ 14:05:29 http-nio-8080-exec-5 ] INFO  cn.lettle.MarketTool.controller.ApiItemController - 触发Supersave
[ 14:06:50 SpringApplicationShutdownHook ] INFO  com.zaxxer.hikari.HikariDataSource - HikariPool-1 - Shutdown initiated...
[ 14:06:50 SpringApplicationShutdownHook ] INFO  com.zaxxer.hikari.HikariDataSource - HikariPool-1 - Shutdown completed.
[ 14:06:53 main ] INFO  cn.lettle.MarketTool.MarketToolApplication - Starting MarketToolApplication using Java 17.0.14 with PID 17368 (D:\work\gitfile\github\MarketTool\target\classes started by 10714 in D:\work\gitfile\github\MarketTool)
[ 14:06:53 main ] INFO  cn.lettle.MarketTool.MarketToolApplication - No active profile set, falling back to 1 default profile: "default"
[ 14:06:54 main ] INFO  org.apache.coyote.http11.Http11NioProtocol - Initializing ProtocolHandler ["http-nio-8080"]
[ 14:06:54 main ] INFO  org.apache.catalina.core.StandardService - Starting service [Tomcat]
[ 14:06:54 main ] INFO  org.apache.catalina.core.StandardEngine - Starting Servlet engine: [Apache Tomcat/10.1.34]
[ 14:06:54 main ] INFO  org.apache.catalina.core.ContainerBase.[Tomcat].[localhost].[/] - Initializing Spring embedded WebApplicationContext
[ 14:06:54 main ] INFO  org.apache.coyote.http11.Http11NioProtocol - Starting ProtocolHandler ["http-nio-8080"]
[ 14:06:55 main ] INFO  cn.lettle.MarketTool.MarketToolApplication - Started MarketToolApplication in 1.505 seconds (process running for 2.059)
[ 14:07:03 http-nio-8080-exec-1 ] INFO  org.apache.catalina.core.ContainerBase.[Tomcat].[localhost].[/] - Initializing Spring DispatcherServlet 'dispatcherServlet'
[ 14:07:55 main ] INFO  cn.lettle.MarketTool.MarketToolApplication - Starting MarketToolApplication using Java 17.0.14 with PID 4440 (D:\work\gitfile\github\MarketTool\target\classes started by 10714 in D:\work\gitfile\github\MarketTool)
[ 14:07:55 main ] INFO  cn.lettle.MarketTool.MarketToolApplication - No active profile set, falling back to 1 default profile: "default"
[ 14:07:56 main ] INFO  org.apache.coyote.http11.Http11NioProtocol - Initializing ProtocolHandler ["http-nio-8080"]
[ 14:07:56 main ] INFO  org.apache.catalina.core.StandardService - Starting service [Tomcat]
[ 14:07:56 main ] INFO  org.apache.catalina.core.StandardEngine - Starting Servlet engine: [Apache Tomcat/10.1.34]
[ 14:07:56 main ] INFO  org.apache.catalina.core.ContainerBase.[Tomcat].[localhost].[/] - Initializing Spring embedded WebApplicationContext
[ 14:07:56 main ] INFO  org.apache.coyote.http11.Http11NioProtocol - Starting ProtocolHandler ["http-nio-8080"]
[ 14:07:57 main ] INFO  cn.lettle.MarketTool.MarketToolApplication - Started MarketToolApplication in 1.677 seconds (process running for 2.309)
[ 14:08:26 main ] INFO  cn.lettle.MarketTool.MarketToolApplication - Starting MarketToolApplication using Java 17.0.14 with PID 14872 (D:\work\gitfile\github\MarketTool\target\classes started by 10714 in D:\work\gitfile\github\MarketTool)
[ 14:08:26 main ] INFO  cn.lettle.MarketTool.MarketToolApplication - No active profile set, falling back to 1 default profile: "default"
[ 14:08:27 main ] INFO  org.apache.coyote.http11.Http11NioProtocol - Initializing ProtocolHandler ["http-nio-8080"]
[ 14:08:27 main ] INFO  org.apache.catalina.core.StandardService - Starting service [Tomcat]
[ 14:08:27 main ] INFO  org.apache.catalina.core.StandardEngine - Starting Servlet engine: [Apache Tomcat/10.1.34]
[ 14:08:27 main ] INFO  org.apache.catalina.core.ContainerBase.[Tomcat].[localhost].[/] - Initializing Spring embedded WebApplicationContext
[ 14:08:27 main ] INFO  org.apache.coyote.http11.Http11NioProtocol - Starting ProtocolHandler ["http-nio-8080"]
[ 14:08:27 main ] INFO  cn.lettle.MarketTool.MarketToolApplication - Started MarketToolApplication in 1.565 seconds (process running for 2.185)
[ 14:08:31 http-nio-8080-exec-1 ] INFO  org.apache.catalina.core.ContainerBase.[Tomcat].[localhost].[/] - Initializing Spring DispatcherServlet 'dispatcherServlet'
[ 14:08:31 http-nio-8080-exec-1 ] INFO  com.zaxxer.hikari.HikariDataSource - HikariPool-1 - Starting...
[ 14:08:31 http-nio-8080-exec-1 ] INFO  com.zaxxer.hikari.pool.HikariPool - HikariPool-1 - Added connection com.mysql.cj.jdbc.ConnectionImpl@37b8445e
[ 14:08:31 http-nio-8080-exec-1 ] INFO  com.zaxxer.hikari.HikariDataSource - HikariPool-1 - Start completed.
[ 14:09:31 http-nio-8080-exec-4 ] INFO  cn.lettle.MarketTool.controller.ApiItemController - 数据被刷新一次
[ 14:09:31 http-nio-8080-exec-4 ] ERROR org.apache.catalina.core.ContainerBase.[Tomcat].[localhost].[/].[dispatcherServlet] - Servlet.service() for servlet [dispatcherServlet] in context with path [] threw exception [Request processing failed: java.lang.IndexOutOfBoundsException: Index 200 out of bounds for length 200] with root cause
java.lang.IndexOutOfBoundsException: Index 200 out of bounds for length 200
	at java.base/jdk.internal.util.Preconditions.outOfBounds(Preconditions.java:64) ~[?:?]
	at java.base/jdk.internal.util.Preconditions.outOfBoundsCheckIndex(Preconditions.java:70) ~[?:?]
	at java.base/jdk.internal.util.Preconditions.checkIndex(Preconditions.java:266) ~[?:?]
	at java.base/java.util.Objects.checkIndex(Objects.java:359) ~[?:?]
	at java.base/java.util.ArrayList.get(ArrayList.java:427) ~[?:?]
	at cn.lettle.MarketTool.controller.ApiItemController.setItem(ApiItemController.java:68) ~[classes/:?]
	at cn.lettle.MarketTool.controller.ApiItemController.setItems(ApiItemController.java:82) ~[classes/:?]
	at java.base/jdk.internal.reflect.NativeMethodAccessorImpl.invoke0(Native Method) ~[?:?]
	at java.base/jdk.internal.reflect.NativeMethodAccessorImpl.invoke(NativeMethodAccessorImpl.java:77) ~[?:?]
	at java.base/jdk.internal.reflect.DelegatingMethodAccessorImpl.invoke(DelegatingMethodAccessorImpl.java:43) ~[?:?]
	at java.base/java.lang.reflect.Method.invoke(Method.java:568) ~[?:?]
	at org.springframework.web.method.support.InvocableHandlerMethod.doInvoke(InvocableHandlerMethod.java:257) ~[spring-web-6.2.1.jar:6.2.1]
	at org.springframework.web.method.support.InvocableHandlerMethod.invokeForRequest(InvocableHandlerMethod.java:190) ~[spring-web-6.2.1.jar:6.2.1]
	at org.springframework.web.servlet.mvc.method.annotation.ServletInvocableHandlerMethod.invokeAndHandle(ServletInvocableHandlerMethod.java:118) ~[spring-webmvc-6.2.1.jar:6.2.1]
	at org.springframework.web.servlet.mvc.method.annotation.RequestMappingHandlerAdapter.invokeHandlerMethod(RequestMappingHandlerAdapter.java:986) ~[spring-webmvc-6.2.1.jar:6.2.1]
	at org.springframework.web.servlet.mvc.method.annotation.RequestMappingHandlerAdapter.handleInternal(RequestMappingHandlerAdapter.java:891) ~[spring-webmvc-6.2.1.jar:6.2.1]
	at org.springframework.web.servlet.mvc.method.AbstractHandlerMethodAdapter.handle(AbstractHandlerMethodAdapter.java:87) ~[spring-webmvc-6.2.1.jar:6.2.1]
	at org.springframework.web.servlet.DispatcherServlet.doDispatch(DispatcherServlet.java:1088) ~[spring-webmvc-6.2.1.jar:6.2.1]
	at org.springframework.web.servlet.DispatcherServlet.doService(DispatcherServlet.java:978) ~[spring-webmvc-6.2.1.jar:6.2.1]
	at org.springframework.web.servlet.FrameworkServlet.processRequest(FrameworkServlet.java:1014) ~[spring-webmvc-6.2.1.jar:6.2.1]
	at org.springframework.web.servlet.FrameworkServlet.doPost(FrameworkServlet.java:914) ~[spring-webmvc-6.2.1.jar:6.2.1]
	at jakarta.servlet.http.HttpServlet.service(HttpServlet.java:590) ~[tomcat-embed-core-10.1.34.jar:6.0]
	at org.springframework.web.servlet.FrameworkServlet.service(FrameworkServlet.java:885) ~[spring-webmvc-6.2.1.jar:6.2.1]
	at jakarta.servlet.http.HttpServlet.service(HttpServlet.java:658) ~[tomcat-embed-core-10.1.34.jar:6.0]
	at org.apache.catalina.core.ApplicationFilterChain.internalDoFilter(ApplicationFilterChain.java:195) ~[tomcat-embed-core-10.1.34.jar:10.1.34]
	at org.apache.catalina.core.ApplicationFilterChain.doFilter(ApplicationFilterChain.java:140) ~[tomcat-embed-core-10.1.34.jar:10.1.34]
	at org.apache.tomcat.websocket.server.WsFilter.doFilter(WsFilter.java:51) ~[tomcat-embed-websocket-10.1.34.jar:10.1.34]
	at org.apache.catalina.core.ApplicationFilterChain.internalDoFilter(ApplicationFilterChain.java:164) ~[tomcat-embed-core-10.1.34.jar:10.1.34]
	at org.apache.catalina.core.ApplicationFilterChain.doFilter(ApplicationFilterChain.java:140) ~[tomcat-embed-core-10.1.34.jar:10.1.34]
	at org.springframework.web.filter.RequestContextFilter.doFilterInternal(RequestContextFilter.java:100) ~[spring-web-6.2.1.jar:6.2.1]
	at org.springframework.web.filter.OncePerRequestFilter.doFilter(OncePerRequestFilter.java:116) ~[spring-web-6.2.1.jar:6.2.1]
	at org.apache.catalina.core.ApplicationFilterChain.internalDoFilter(ApplicationFilterChain.java:164) ~[tomcat-embed-core-10.1.34.jar:10.1.34]
	at org.apache.catalina.core.ApplicationFilterChain.doFilter(ApplicationFilterChain.java:140) ~[tomcat-embed-core-10.1.34.jar:10.1.34]
	at org.springframework.web.filter.FormContentFilter.doFilterInternal(FormContentFilter.java:93) ~[spring-web-6.2.1.jar:6.2.1]
	at org.springframework.web.filter.OncePerRequestFilter.doFilter(OncePerRequestFilter.java:116) ~[spring-web-6.2.1.jar:6.2.1]
	at org.apache.catalina.core.ApplicationFilterChain.internalDoFilter(ApplicationFilterChain.java:164) ~[tomcat-embed-core-10.1.34.jar:10.1.34]
	at org.apache.catalina.core.ApplicationFilterChain.doFilter(ApplicationFilterChain.java:140) ~[tomcat-embed-core-10.1.34.jar:10.1.34]
	at org.springframework.web.filter.CharacterEncodingFilter.doFilterInternal(CharacterEncodingFilter.java:201) ~[spring-web-6.2.1.jar:6.2.1]
	at org.springframework.web.filter.OncePerRequestFilter.doFilter(OncePerRequestFilter.java:116) ~[spring-web-6.2.1.jar:6.2.1]
	at org.apache.catalina.core.ApplicationFilterChain.internalDoFilter(ApplicationFilterChain.java:164) ~[tomcat-embed-core-10.1.34.jar:10.1.34]
	at org.apache.catalina.core.ApplicationFilterChain.doFilter(ApplicationFilterChain.java:140) ~[tomcat-embed-core-10.1.34.jar:10.1.34]
	at org.apache.catalina.core.StandardWrapperValve.invoke(StandardWrapperValve.java:167) [tomcat-embed-core-10.1.34.jar:10.1.34]
	at org.apache.catalina.core.StandardContextValve.invoke(StandardContextValve.java:90) [tomcat-embed-core-10.1.34.jar:10.1.34]
	at org.apache.catalina.authenticator.AuthenticatorBase.invoke(AuthenticatorBase.java:483) [tomcat-embed-core-10.1.34.jar:10.1.34]
	at org.apache.catalina.core.StandardHostValve.invoke(StandardHostValve.java:115) [tomcat-embed-core-10.1.34.jar:10.1.34]
	at org.apache.catalina.valves.ErrorReportValve.invoke(ErrorReportValve.java:93) [tomcat-embed-core-10.1.34.jar:10.1.34]
	at org.apache.catalina.core.StandardEngineValve.invoke(StandardEngineValve.java:74) [tomcat-embed-core-10.1.34.jar:10.1.34]
	at org.apache.catalina.connector.CoyoteAdapter.service(CoyoteAdapter.java:344) [tomcat-embed-core-10.1.34.jar:10.1.34]
	at org.apache.coyote.http11.Http11Processor.service(Http11Processor.java:397) [tomcat-embed-core-10.1.34.jar:10.1.34]
	at org.apache.coyote.AbstractProcessorLight.process(AbstractProcessorLight.java:63) [tomcat-embed-core-10.1.34.jar:10.1.34]
	at org.apache.coyote.AbstractProtocol$ConnectionHandler.process(AbstractProtocol.java:905) [tomcat-embed-core-10.1.34.jar:10.1.34]
	at org.apache.tomcat.util.net.NioEndpoint$SocketProcessor.doRun(NioEndpoint.java:1741) [tomcat-embed-core-10.1.34.jar:10.1.34]
	at org.apache.tomcat.util.net.SocketProcessorBase.run(SocketProcessorBase.java:52) [tomcat-embed-core-10.1.34.jar:10.1.34]
	at org.apache.tomcat.util.threads.ThreadPoolExecutor.runWorker(ThreadPoolExecutor.java:1190) [tomcat-embed-core-10.1.34.jar:10.1.34]
	at org.apache.tomcat.util.threads.ThreadPoolExecutor$Worker.run(ThreadPoolExecutor.java:659) [tomcat-embed-core-10.1.34.jar:10.1.34]
	at org.apache.tomcat.util.threads.TaskThread$WrappingRunnable.run(TaskThread.java:63) [tomcat-embed-core-10.1.34.jar:10.1.34]
	at java.base/java.lang.Thread.run(Thread.java:842) [?:?]
[ 14:10:15 SpringApplicationShutdownHook ] INFO  com.zaxxer.hikari.HikariDataSource - HikariPool-1 - Shutdown initiated...
[ 14:10:15 SpringApplicationShutdownHook ] INFO  com.zaxxer.hikari.HikariDataSource - HikariPool-1 - Shutdown completed.
[ 14:10:18 main ] INFO  cn.lettle.MarketTool.MarketToolApplication - Starting MarketToolApplication using Java 17.0.14 with PID 28464 (D:\work\gitfile\github\MarketTool\target\classes started by 10714 in D:\work\gitfile\github\MarketTool)
[ 14:10:18 main ] INFO  cn.lettle.MarketTool.MarketToolApplication - No active profile set, falling back to 1 default profile: "default"
[ 14:10:19 main ] INFO  org.apache.coyote.http11.Http11NioProtocol - Initializing ProtocolHandler ["http-nio-8080"]
[ 14:10:19 main ] INFO  org.apache.catalina.core.StandardService - Starting service [Tomcat]
[ 14:10:19 main ] INFO  org.apache.catalina.core.StandardEngine - Starting Servlet engine: [Apache Tomcat/10.1.34]
[ 14:10:19 main ] INFO  org.apache.catalina.core.ContainerBase.[Tomcat].[localhost].[/] - Initializing Spring embedded WebApplicationContext
[ 14:10:19 main ] INFO  org.apache.coyote.http11.Http11NioProtocol - Starting ProtocolHandler ["http-nio-8080"]
[ 14:10:19 main ] INFO  cn.lettle.MarketTool.MarketToolApplication - Started MarketToolApplication in 1.544 seconds (process running for 2.123)
[ 14:10:25 http-nio-8080-exec-1 ] INFO  org.apache.catalina.core.ContainerBase.[Tomcat].[localhost].[/] - Initializing Spring DispatcherServlet 'dispatcherServlet'
[ 14:10:25 http-nio-8080-exec-1 ] INFO  com.zaxxer.hikari.HikariDataSource - HikariPool-1 - Starting...
[ 14:10:25 http-nio-8080-exec-1 ] INFO  com.zaxxer.hikari.pool.HikariPool - HikariPool-1 - Added connection com.mysql.cj.jdbc.ConnectionImpl@33b899c3
[ 14:10:25 http-nio-8080-exec-1 ] INFO  com.zaxxer.hikari.HikariDataSource - HikariPool-1 - Start completed.
[ 14:10:32 http-nio-8080-exec-2 ] INFO  cn.lettle.MarketTool.controller.ApiItemController - 数据被刷新一次
[ 14:10:38 http-nio-8080-exec-3 ] INFO  cn.lettle.MarketTool.controller.ApiItemController - 触发Supersave
[ 14:11:17 SpringApplicationShutdownHook ] INFO  com.zaxxer.hikari.HikariDataSource - HikariPool-1 - Shutdown initiated...
[ 14:11:17 SpringApplicationShutdownHook ] INFO  com.zaxxer.hikari.HikariDataSource - HikariPool-1 - Shutdown completed.
[ 14:11:20 main ] INFO  cn.lettle.MarketTool.MarketToolApplication - Starting MarketToolApplication using Java 17.0.14 with PID 20080 (D:\work\gitfile\github\MarketTool\target\classes started by 10714 in D:\work\gitfile\github\MarketTool)
[ 14:11:20 main ] INFO  cn.lettle.MarketTool.MarketToolApplication - No active profile set, falling back to 1 default profile: "default"
[ 14:11:21 main ] INFO  org.apache.coyote.http11.Http11NioProtocol - Initializing ProtocolHandler ["http-nio-8080"]
[ 14:11:21 main ] INFO  org.apache.catalina.core.StandardService - Starting service [Tomcat]
[ 14:11:21 main ] INFO  org.apache.catalina.core.StandardEngine - Starting Servlet engine: [Apache Tomcat/10.1.34]
[ 14:11:21 main ] INFO  org.apache.catalina.core.ContainerBase.[Tomcat].[localhost].[/] - Initializing Spring embedded WebApplicationContext
[ 14:11:21 main ] INFO  org.apache.coyote.http11.Http11NioProtocol - Starting ProtocolHandler ["http-nio-8080"]
[ 14:11:21 main ] INFO  cn.lettle.MarketTool.MarketToolApplication - Started MarketToolApplication in 1.629 seconds (process running for 2.22)
[ 14:11:24 http-nio-8080-exec-1 ] INFO  org.apache.catalina.core.ContainerBase.[Tomcat].[localhost].[/] - Initializing Spring DispatcherServlet 'dispatcherServlet'
[ 14:11:25 http-nio-8080-exec-1 ] INFO  com.zaxxer.hikari.HikariDataSource - HikariPool-1 - Starting...
[ 14:11:25 http-nio-8080-exec-1 ] INFO  com.zaxxer.hikari.pool.HikariPool - HikariPool-1 - Added connection com.mysql.cj.jdbc.ConnectionImpl@725a691c
[ 14:11:25 http-nio-8080-exec-1 ] INFO  com.zaxxer.hikari.HikariDataSource - HikariPool-1 - Start completed.
[ 14:11:31 http-nio-8080-exec-3 ] INFO  cn.lettle.MarketTool.controller.ApiItemController - 数据被刷新一次
[ 14:12:18 http-nio-8080-exec-2 ] INFO  cn.lettle.MarketTool.controller.ApiItemController - 数据被刷新一次
[ 14:41:59 http-nio-8080-exec-2 ] INFO  cn.lettle.MarketTool.controller.ApiItemController - 数据被刷新一次
[ 14:42:11 http-nio-8080-exec-5 ] INFO  cn.lettle.MarketTool.controller.ApiItemController - 数据被刷新一次
[ 14:42:30 http-nio-8080-exec-7 ] INFO  cn.lettle.MarketTool.controller.ApiItemController - 数据被刷新一次
[ 14:43:32 http-nio-8080-exec-9 ] INFO  cn.lettle.MarketTool.controller.ApiItemController - 数据被刷新一次
[ 14:43:57 http-nio-8080-exec-3 ] INFO  cn.lettle.MarketTool.controller.ApiItemController - 数据被刷新一次
[ 14:45:18 http-nio-8080-exec-5 ] INFO  cn.lettle.MarketTool.controller.ApiItemController - 数据被刷新一次
[ 14:45:31 http-nio-8080-exec-6 ] INFO  cn.lettle.MarketTool.controller.ApiItemController - 数据被刷新一次
[ 14:45:51 http-nio-8080-exec-7 ] INFO  cn.lettle.MarketTool.controller.ApiItemController - 数据被刷新一次
[ 14:46:20 http-nio-8080-exec-8 ] INFO  cn.lettle.MarketTool.controller.ApiItemController - 数据被刷新一次
[ 14:46:32 http-nio-8080-exec-10 ] INFO  cn.lettle.MarketTool.controller.ApiItemController - 数据被刷新一次
[ 14:47:59 http-nio-8080-exec-2 ] INFO  cn.lettle.MarketTool.controller.ApiItemController - 数据被刷新一次
[ 14:48:10 http-nio-8080-exec-5 ] INFO  cn.lettle.MarketTool.controller.ApiItemController - 触发Supersave
[ 14:49:52 http-nio-8080-exec-1 ] INFO  cn.lettle.MarketTool.controller.ApiItemController - 数据被刷新一次
[ 14:49:58 http-nio-8080-exec-3 ] INFO  cn.lettle.MarketTool.controller.ApiItemController - 触发Supersave
[ 14:54:09 http-nio-8080-exec-6 ] INFO  cn.lettle.MarketTool.controller.ApiItemController - 数据被刷新一次
[ 14:54:16 http-nio-8080-exec-7 ] INFO  cn.lettle.MarketTool.controller.ApiItemController - 触发Supersave
[ 14:54:44 SpringApplicationShutdownHook ] INFO  com.zaxxer.hikari.HikariDataSource - HikariPool-1 - Shutdown initiated...
[ 14:54:44 SpringApplicationShutdownHook ] INFO  com.zaxxer.hikari.HikariDataSource - HikariPool-1 - Shutdown completed.
[ 15:13:07 main ] INFO  cn.lettle.MarketTool.MarketToolApplicationTests - Starting MarketToolApplicationTests using Java 17.0.14 with PID 11700 (started by 10714 in D:\work\gitfile\github\MarketTool)
[ 15:13:07 main ] INFO  cn.lettle.MarketTool.MarketToolApplicationTests - No active profile set, falling back to 1 default profile: "default"
[ 15:13:09 main ] INFO  cn.lettle.MarketTool.MarketToolApplicationTests - Started MarketToolApplicationTests in 2.698 seconds (process running for 3.852)
[ 15:13:11 main ] INFO  com.zaxxer.hikari.HikariDataSource - HikariPool-1 - Starting...
[ 15:13:11 main ] INFO  com.zaxxer.hikari.pool.HikariPool - HikariPool-1 - Added connection com.mysql.cj.jdbc.ConnectionImpl@7d47b021
[ 15:13:11 main ] INFO  com.zaxxer.hikari.HikariDataSource - HikariPool-1 - Start completed.
[ 15:13:11 SpringApplicationShutdownHook ] INFO  com.zaxxer.hikari.HikariDataSource - HikariPool-1 - Shutdown initiated...
[ 15:13:11 SpringApplicationShutdownHook ] INFO  com.zaxxer.hikari.HikariDataSource - HikariPool-1 - Shutdown completed.
